Using pre-set license

 COMMAND LINE ARGUMENTS:
/Users/vincentkelbel/Documents/Studium/Master/SS2021/MMOI/2020.3.13f1/Unity.app/Contents/MacOS/Unity
-adb2
-batchMode
-noUpm
-name
AssetImportWorker0
-projectPath
/Users/vincentkelbel/Documents/Studium/Master/SS2021/MMOI/Project/git/MOOC_Quiz_Game/Unity Projects/Quiz Game
-logFile
Logs/AssetImportWorker0.log
-srvPort
49454
Successfully changed project path to: /Users/vincentkelbel/Documents/Studium/Master/SS2021/MMOI/Project/git/MOOC_Quiz_Game/Unity Projects/Quiz Game
/Users/vincentkelbel/Documents/Studium/Master/SS2021/MMOI/Project/git/MOOC_Quiz_Game/Unity Projects/Quiz Game
Using Asset Import Pipeline V2.
Refreshing native plugins compatible for Editor in 43.91 ms, found 3 plugins.
Preloading 0 native plugins for Editor in 0.00 ms.
Initialize engine version: 2020.3.13f1 (71691879b7f5)
[Subsystems] Discovering subsystems at path /Users/vincentkelbel/Documents/Studium/Master/SS2021/MMOI/2020.3.13f1/Unity.app/Contents/Resources/UnitySubsystems
[Subsystems] Discovering subsystems at path /Users/vincentkelbel/Documents/Studium/Master/SS2021/MMOI/Project/git/MOOC_Quiz_Game/Unity Projects/Quiz Game/Assets
GfxDevice: creating device client; threaded=0
2021-07-11 19:50:06.142 Unity[76446:8619665] (null) preferred device: Apple M1 (high power)
2021-07-11 19:50:06.142 Unity[76446:8619665] Metal devices available: 1
2021-07-11 19:50:06.142 Unity[76446:8619665] 0: Apple M1 (high power)
2021-07-11 19:50:06.142 Unity[76446:8619665] Using device Apple M1 (high power)
Initializing Metal device caps: Apple M1
Initialize mono
Mono path[0] = '/Users/vincentkelbel/Documents/Studium/Master/SS2021/MMOI/2020.3.13f1/Unity.app/Contents/Managed'
Mono path[1] = '/Users/vincentkelbel/Documents/Studium/Master/SS2021/MMOI/2020.3.13f1/Unity.app/Contents/MonoBleedingEdge/lib/mono/unityjit'
Mono config path = '/Users/vincentkelbel/Documents/Studium/Master/SS2021/MMOI/2020.3.13f1/Unity.app/Contents/MonoBleedingEdge/etc'
Using monoOptions --debugger-agent=transport=dt_socket,embedding=1,server=y,suspend=n,address=127.0.0.1:56446
Begin MonoManager ReloadAssembly
